<?xml version="1.0" encoding="UTF-8"?>
<!-- Generated by org.testng.reporters.JUnitXMLReporter -->
<testsuite ignored="0" hostname="NR-PC" failures="0" tests="9" name="Default test" time="55.682" errors="0" timestamp="2022-10-13T00:07:43 IST">
  <testcase classname="com.test.flipkart" name="loadTime" time="24.699"/>
  <testcase classname="com.test.flipkart" name="search" time="1.695"/>
  <testcase classname="com.test.flipkart" name="scroll" time="2.352"/>
  <testcase classname="com.test.flipkart" name="contentRefresh" time="2.207"/>
  <testcase classname="com.test.flipkart" name="imageDisplay" time="4.05"/>
  <testcase classname="com.test.flipkart" name="bottomScroll" time="1.967"/>
  <testcase classname="com.test.flipkart" name="imgHeight" time="2.533"/>
  <testcase classname="com.test.flipkart" name="diffBrowChrome" time="1.707"/>
  <testcase classname="com.test.flipkart" name="diffBrowEdge" time="9.004"/>
</testsuite> <!-- Default test -->
