<?xml version="1.0" encoding="UTF-8"?>
<testng-results ignored="0" total="9" passed="9" failed="0" skipped="0">
  <reporter-output>
  </reporter-output>
  <suite started-at="2022-10-18T16:08:26 IST" name="Suite" finished-at="2022-10-18T16:10:11 IST" duration-ms="104335">
    <groups>
    </groups>
    <test started-at="2022-10-18T16:08:26 IST" name="Test" finished-at="2022-10-18T16:10:11 IST" duration-ms="104335">
      <class name="com.test.flipkart">
        <test-method is-config="true" signature="beforeClass()[pri:0, instance:com.test.flipkart@32502377]" started-at="2022-10-18T16:08:27 IST" name="beforeClass" finished-at="2022-10-18T16:08:32 IST" duration-ms="5311" status="PASS">
          <reporter-output>
          </reporter-output>
        </test-method> <!-- beforeClass -->
        <test-method is-config="true" signature="beforeMethod()[pri:0, instance:com.test.flipkart@32502377]" started-at="2022-10-18T16:08:32 IST" name="beforeMethod" finished-at="2022-10-18T16:08:32 IST" duration-ms="177" status="PASS">
          <reporter-output>
          </reporter-output>
        </test-method> <!-- beforeMethod -->
        <test-method signature="loadTime()[pri:1, instance:com.test.flipkart@32502377]" started-at="2022-10-18T16:08:32 IST" name="loadTime" finished-at="2022-10-18T16:08:41 IST" duration-ms="9252" status="PASS">
          <reporter-output>
          </reporter-output>
        </test-method> <!-- loadTime -->
        <test-method is-config="true" signature="afterMethod()[pri:0, instance:com.test.flipkart@32502377]" started-at="2022-10-18T16:08:41 IST" name="afterMethod" finished-at="2022-10-18T16:08:41 IST" duration-ms="0" status="PASS">
          <reporter-output>
          </reporter-output>
        </test-method> <!-- afterMethod -->
        <test-method is-config="true" signature="beforeMethod()[pri:0, instance:com.test.flipkart@32502377]" started-at="2022-10-18T16:08:41 IST" name="beforeMethod" finished-at="2022-10-18T16:08:41 IST" duration-ms="39" status="PASS">
          <reporter-output>
          </reporter-output>
        </test-method> <!-- beforeMethod -->
        <test-method signature="search()[pri:2, instance:com.test.flipkart@32502377]" started-at="2022-10-18T16:08:41 IST" name="search" finished-at="2022-10-18T16:08:46 IST" duration-ms="4922" status="PASS">
          <reporter-output>
          </reporter-output>
        </test-method> <!-- search -->
        <test-method is-config="true" signature="afterMethod()[pri:0, instance:com.test.flipkart@32502377]" started-at="2022-10-18T16:08:46 IST" name="afterMethod" finished-at="2022-10-18T16:08:46 IST" duration-ms="1" status="PASS">
          <reporter-output>
          </reporter-output>
        </test-method> <!-- afterMethod -->
        <test-method is-config="true" signature="beforeMethod()[pri:0, instance:com.test.flipkart@32502377]" started-at="2022-10-18T16:08:46 IST" name="beforeMethod" finished-at="2022-10-18T16:08:48 IST" duration-ms="1585" status="PASS">
          <reporter-output>
          </reporter-output>
        </test-method> <!-- beforeMethod -->
        <test-method signature="scroll()[pri:3, instance:com.test.flipkart@32502377]" started-at="2022-10-18T16:08:48 IST" name="scroll" finished-at="2022-10-18T16:09:25 IST" duration-ms="37554" status="PASS">
          <reporter-output>
          </reporter-output>
        </test-method> <!-- scroll -->
        <test-method is-config="true" signature="afterMethod()[pri:0, instance:com.test.flipkart@32502377]" started-at="2022-10-18T16:09:25 IST" name="afterMethod" finished-at="2022-10-18T16:09:25 IST" duration-ms="1" status="PASS">
          <reporter-output>
          </reporter-output>
        </test-method> <!-- afterMethod -->
        <test-method is-config="true" signature="beforeMethod()[pri:0, instance:com.test.flipkart@32502377]" started-at="2022-10-18T16:09:25 IST" name="beforeMethod" finished-at="2022-10-18T16:09:25 IST" duration-ms="19" status="PASS">
          <reporter-output>
          </reporter-output>
        </test-method> <!-- beforeMethod -->
        <test-method signature="contentRefresh()[pri:4, instance:com.test.flipkart@32502377]" started-at="2022-10-18T16:09:25 IST" name="contentRefresh" finished-at="2022-10-18T16:09:28 IST" duration-ms="2996" status="PASS">
          <reporter-output>
          </reporter-output>
        </test-method> <!-- contentRefresh -->
        <test-method is-config="true" signature="afterMethod()[pri:0, instance:com.test.flipkart@32502377]" started-at="2022-10-18T16:09:28 IST" name="afterMethod" finished-at="2022-10-18T16:09:28 IST" duration-ms="0" status="PASS">
          <reporter-output>
          </reporter-output>
        </test-method> <!-- afterMethod -->
        <test-method is-config="true" signature="beforeMethod()[pri:0, instance:com.test.flipkart@32502377]" started-at="2022-10-18T16:09:28 IST" name="beforeMethod" finished-at="2022-10-18T16:09:28 IST" duration-ms="10" status="PASS">
          <reporter-output>
          </reporter-output>
        </test-method> <!-- beforeMethod -->
        <test-method signature="imageDisplay()[pri:5, instance:com.test.flipkart@32502377]" started-at="2022-10-18T16:09:28 IST" name="imageDisplay" finished-at="2022-10-18T16:09:32 IST" duration-ms="4033" status="PASS">
          <reporter-output>
          </reporter-output>
        </test-method> <!-- imageDisplay -->
        <test-method is-config="true" signature="afterMethod()[pri:0, instance:com.test.flipkart@32502377]" started-at="2022-10-18T16:09:32 IST" name="afterMethod" finished-at="2022-10-18T16:09:32 IST" duration-ms="1" status="PASS">
          <reporter-output>
          </reporter-output>
        </test-method> <!-- afterMethod -->
        <test-method is-config="true" signature="beforeMethod()[pri:0, instance:com.test.flipkart@32502377]" started-at="2022-10-18T16:09:32 IST" name="beforeMethod" finished-at="2022-10-18T16:09:33 IST" duration-ms="10" status="PASS">
          <reporter-output>
          </reporter-output>
        </test-method> <!-- beforeMethod -->
        <test-method signature="bottomScroll()[pri:6, instance:com.test.flipkart@32502377]" started-at="2022-10-18T16:09:33 IST" name="bottomScroll" finished-at="2022-10-18T16:09:34 IST" duration-ms="1712" status="PASS">
          <reporter-output>
          </reporter-output>
        </test-method> <!-- bottomScroll -->
        <test-method is-config="true" signature="afterMethod()[pri:0, instance:com.test.flipkart@32502377]" started-at="2022-10-18T16:09:34 IST" name="afterMethod" finished-at="2022-10-18T16:09:34 IST" duration-ms="1" status="PASS">
          <reporter-output>
          </reporter-output>
        </test-method> <!-- afterMethod -->
        <test-method is-config="true" signature="beforeMethod()[pri:0, instance:com.test.flipkart@32502377]" started-at="2022-10-18T16:09:34 IST" name="beforeMethod" finished-at="2022-10-18T16:09:34 IST" duration-ms="29" status="PASS">
          <reporter-output>
          </reporter-output>
        </test-method> <!-- beforeMethod -->
        <test-method signature="imgHeight()[pri:7, instance:com.test.flipkart@32502377]" started-at="2022-10-18T16:09:34 IST" name="imgHeight" finished-at="2022-10-18T16:09:37 IST" duration-ms="3176" status="PASS">
          <reporter-output>
          </reporter-output>
        </test-method> <!-- imgHeight -->
        <test-method is-config="true" signature="afterMethod()[pri:0, instance:com.test.flipkart@32502377]" started-at="2022-10-18T16:09:37 IST" name="afterMethod" finished-at="2022-10-18T16:09:37 IST" duration-ms="1" status="PASS">
          <reporter-output>
          </reporter-output>
        </test-method> <!-- afterMethod -->
        <test-method is-config="true" signature="beforeMethod()[pri:0, instance:com.test.flipkart@32502377]" started-at="2022-10-18T16:09:37 IST" name="beforeMethod" finished-at="2022-10-18T16:09:37 IST" duration-ms="12" status="PASS">
          <reporter-output>
          </reporter-output>
        </test-method> <!-- beforeMethod -->
        <test-method signature="diffBrowChrome()[pri:8, instance:com.test.flipkart@32502377]" started-at="2022-10-18T16:09:37 IST" name="diffBrowChrome" finished-at="2022-10-18T16:09:39 IST" duration-ms="2002" status="PASS">
          <reporter-output>
          </reporter-output>
        </test-method> <!-- diffBrowChrome -->
        <test-method is-config="true" signature="afterMethod()[pri:0, instance:com.test.flipkart@32502377]" started-at="2022-10-18T16:09:39 IST" name="afterMethod" finished-at="2022-10-18T16:09:39 IST" duration-ms="0" status="PASS">
          <reporter-output>
          </reporter-output>
        </test-method> <!-- afterMethod -->
        <test-method is-config="true" signature="beforeMethod()[pri:0, instance:com.test.flipkart@32502377]" started-at="2022-10-18T16:09:39 IST" name="beforeMethod" finished-at="2022-10-18T16:09:40 IST" duration-ms="195" status="PASS">
          <reporter-output>
          </reporter-output>
        </test-method> <!-- beforeMethod -->
        <test-method signature="diffBrowEdge()[pri:9, instance:com.test.flipkart@32502377]" started-at="2022-10-18T16:09:40 IST" name="diffBrowEdge" finished-at="2022-10-18T16:10:11 IST" duration-ms="31155" status="PASS">
          <reporter-output>
          </reporter-output>
        </test-method> <!-- diffBrowEdge -->
        <test-method is-config="true" signature="afterMethod()[pri:0, instance:com.test.flipkart@32502377]" started-at="2022-10-18T16:10:11 IST" name="afterMethod" finished-at="2022-10-18T16:10:11 IST" duration-ms="1" status="PASS">
          <reporter-output>
          </reporter-output>
        </test-method> <!-- afterMethod -->
        <test-method is-config="true" signature="afterClass()[pri:0, instance:com.test.flipkart@32502377]" started-at="2022-10-18T16:10:11 IST" name="afterClass" finished-at="2022-10-18T16:10:11 IST" duration-ms="1" status="PASS">
          <reporter-output>
          </reporter-output>
        </test-method> <!-- afterClass -->
      </class> <!-- com.test.flipkart -->
    </test> <!-- Test -->
  </suite> <!-- Suite -->
</testng-results>
