<?xml version="1.0" encoding="UTF-8"?>
<!-- Generated by org.testng.reporters.JUnitXMLReporter -->
<testsuite ignored="0" hostname="DESKTOP-37LK1CV" failures="0" tests="9" name="Test" time="104.335" errors="0" timestamp="2022-10-18T16:10:11 IST">
  <testcase classname="com.test.flipkart" name="loadTime" time="9.252"/>
  <testcase classname="com.test.flipkart" name="search" time="4.922"/>
  <testcase classname="com.test.flipkart" name="scroll" time="37.554"/>
  <testcase classname="com.test.flipkart" name="contentRefresh" time="2.996"/>
  <testcase classname="com.test.flipkart" name="imageDisplay" time="4.033"/>
  <testcase classname="com.test.flipkart" name="bottomScroll" time="1.712"/>
  <testcase classname="com.test.flipkart" name="imgHeight" time="3.176"/>
  <testcase classname="com.test.flipkart" name="diffBrowChrome" time="2.002"/>
  <testcase classname="com.test.flipkart" name="diffBrowEdge" time="31.155"/>
</testsuite> <!-- Test -->
