<?xml version="1.0" encoding="UTF-8"?>
<!-- Generated by org.testng.reporters.JUnitXMLReporter -->
<testsuite ignored="0" hostname="DESKTOP-37LK1CV" failures="0" tests="9" name="GroupTestUnit" time="24.415" errors="0" timestamp="2022-10-09T16:30:42 IST">
  <testcase classname="com.ecom.webapp.TestNgGroupTest" name="launchChromeTest" time="9.539"/>
  <testcase classname="com.ecom.webapp.TestNgGroupTest" name="launchMicrosoftEdgeTest" time="13.538"/>
  <testcase classname="com.ecom.webapp.TestNgStandardAnnotationsTest" name="testOne" time="0.002"/>
  <testcase classname="com.ecom.webapp.TestNgStandardAnnotationsTest" name="testThree" time="0.004"/>
  <testcase classname="com.ecom.webapp.TestNgStandardAnnotationsTest" name="testTwo" time="0.001"/>
  <testcase classname="com.ecom.webapp.TestNgGroupTest" name="testAmazonHomePage" time="0.209"/>
  <testcase classname="com.ecom.webapp.TestNgGroupTest" name="testSimplilearnHomePageTitle" time="0.275"/>
  <testcase classname="com.ecom.webapp.TestNgGroupTest" name="testAmazonSourceURL" time="0.408"/>
  <testcase classname="com.ecom.webapp.TestNgGroupTest" name="testSimplilearnSourceURL" time="0.396"/>
</testsuite> <!-- GroupTestUnit -->
