<?xml version="1.0" encoding="UTF-8"?>
<!-- Generated by org.testng.reporters.JUnitXMLReporter -->
<testsuite ignored="0" hostname="DESKTOP-37LK1CV" failures="2" tests="4" name="HomepageTestUnit" time="58.709" errors="0" timestamp="2022-10-09T16:30:18 IST">
  <testcase classname="com.ecom.webapp.AmazonNavigationDemo" name="descriptionPage" time="3.341"/>
  <testcase classname="com.ecom.webapp.AmazonHomePage" name="homePageTitleVerification" time="0.109">
    <failure type="java.lang.AssertionError" message="expected [Amazon.com. Spend less. Smile more.] but found [Amazon.com: Online Shopping for Electronics, Apparel, Computers, Books, DVDs &amp;amp; more]">
      <![CDATA[java.lang.AssertionError: expected [Amazon.com. Spend less. Smile more.] but found [Amazon.com: Online Shopping for Electronics, Apparel, Computers, Books, DVDs & more]
at com.ecom.webapp.AmazonHomePage.homePageTitleVerification(AmazonHomePage.java:44)
at java.base/java.util.ArrayList.forEach(ArrayList.java:1511)
at java.base/java.util.concurrent.FutureTask.run(FutureTask.java:264)
at java.base/java.util.concurrent.ThreadPoolExecutor.runWorker(ThreadPoolExecutor.java:1136)
at java.base/java.util.concurrent.ThreadPoolExecutor$Worker.run(ThreadPoolExecutor.java:635)
at java.base/java.lang.Thread.run(Thread.java:833)
... Removed 24 stack frames]]>
    </failure>
  </testcase> <!-- homePageTitleVerification -->
  <testcase classname="com.ecom.webapp.AmazonHomePage" name="testUrl" time="0.115"/>
  <testcase classname="com.ecom.webapp.AmazonNavigationDemo" name="testFashion" time="19.281">
    <failure type="java.lang.AssertionError" message="expected [Help - Amazon Customer Service] but found [Mobile Phones: Buy New Mobiles Online at Best Prices in India | Buy Cell Phones Online - Amazon.in]">
      <![CDATA[java.lang.AssertionError: expected [Help - Amazon Customer Service] but found [Mobile Phones: Buy New Mobiles Online at Best Prices in India | Buy Cell Phones Online - Amazon.in]
at com.ecom.webapp.AmazonNavigationDemo.testFashion(AmazonNavigationDemo.java:61)
at java.base/java.util.ArrayList.forEach(ArrayList.java:1511)
at java.base/java.util.concurrent.FutureTask.run(FutureTask.java:264)
at java.base/java.util.concurrent.ThreadPoolExecutor.runWorker(ThreadPoolExecutor.java:1136)
at java.base/java.util.concurrent.ThreadPoolExecutor$Worker.run(ThreadPoolExecutor.java:635)
at java.base/java.lang.Thread.run(Thread.java:833)
... Removed 24 stack frames]]>
    </failure>
  </testcase> <!-- testFashion -->
</testsuite> <!-- HomepageTestUnit -->
